c:\users\lakeb\desktop\desktop\game_programming\componentframework19.1.1\sdl_project\debug\vc142.pdb
c:\users\lakeb\desktop\desktop\game_programming\componentframework19.1.1\sdl_project\debug\vc142.idb
c:\users\lakeb\desktop\desktop\game_programming\componentframework19.1.1\sdl_project\debug\window.obj
c:\users\lakeb\desktop\desktop\game_programming\componentframework19.1.1\sdl_project\debug\vmath.obj
c:\users\lakeb\desktop\desktop\game_programming\componentframework19.1.1\sdl_project\debug\timer.obj
c:\users\lakeb\desktop\desktop\game_programming\componentframework19.1.1\sdl_project\debug\scene0.obj
c:\users\lakeb\desktop\desktop\game_programming\componentframework19.1.1\sdl_project\debug\mmath.obj
c:\users\lakeb\desktop\desktop\game_programming\componentframework19.1.1\sdl_project\debug\main.obj
c:\users\lakeb\desktop\desktop\game_programming\componentframework19.1.1\sdl_project\debug\gamemanager.obj
c:\users\lakeb\desktop\desktop\game_programming\componentframework19.1.1\sdl_project\debug\body.obj
c:\users\lakeb\desktop\desktop\game_programming\componentframework19.1.1 - copy\sdl_project\debug\vc142.pdb
c:\users\lakeb\desktop\desktop\game_programming\componentframework19.1.1 - copy\sdl_project\debug\vc142.idb
c:\users\lakeb\desktop\desktop\game_programming\componentframework19.1.1 - copy\sdl_project\debug\window.obj
c:\users\lakeb\desktop\desktop\game_programming\componentframework19.1.1 - copy\sdl_project\debug\vmath.obj
c:\users\lakeb\desktop\desktop\game_programming\componentframework19.1.1 - copy\sdl_project\debug\timer.obj
c:\users\lakeb\desktop\desktop\game_programming\componentframework19.1.1 - copy\sdl_project\debug\scene0.obj
c:\users\lakeb\desktop\desktop\game_programming\componentframework19.1.1 - copy\sdl_project\debug\mmath.obj
c:\users\lakeb\desktop\desktop\game_programming\componentframework19.1.1 - copy\sdl_project\debug\main.obj
c:\users\lakeb\desktop\desktop\game_programming\componentframework19.1.1 - copy\sdl_project\debug\gamemanager.obj
c:\users\lakeb\desktop\desktop\game_programming\componentframework19.1.1 - copy\sdl_project\debug\body.obj
c:\users\lakeb\desktop\desktop\game_programming\componentframework19.1.1 - copy\sdl_project\debug\ball.obj
c:\users\lakeb\desktop\desktop\game_programming\componentframework19.1.1 - copy\sdl_project\debug\scene1.obj
c:\users\lakeb\desktop\desktop\game_programming\componentframework19.1.1 - copy\sdl_project\debug\collider.obj
c:\users\lakeb\desktop\desktop\game_programming\componentframework19.1.1\debug\sdl_project.exe
c:\users\lakeb\desktop\desktop\game_programming\componentframework19.1.1\debug\sdl_project.ilk
c:\users\lakeb\desktop\desktop\game_programming\componentframework19.1.1\debug\sdl_project.pdb
c:\users\lakeb\desktop\desktop\game_programming\componentframework19.1.1 - copy\debug\sdl_project.ilk
c:\users\lakeb\desktop\desktop\game_programming\componentframework19.1.1 - copy\debug\sdl_project.exe
c:\users\lakeb\desktop\desktop\game_programming\componentframework19.1.1 - copy\debug\sdl_project.pdb
c:\users\lakeb\desktop\desktop\game_programming\componentframework19.1.1 - copy\sdl_project\debug\sdl_project.tlog\cl.command.1.tlog
c:\users\lakeb\desktop\desktop\game_programming\componentframework19.1.1 - copy\sdl_project\debug\sdl_project.tlog\cl.read.1.tlog
c:\users\lakeb\desktop\desktop\game_programming\componentframework19.1.1 - copy\sdl_project\debug\sdl_project.tlog\cl.write.1.tlog
c:\users\lakeb\desktop\desktop\game_programming\componentframework19.1.1 - copy\sdl_project\debug\sdl_project.tlog\link.command.1.tlog
c:\users\lakeb\desktop\desktop\game_programming\componentframework19.1.1 - copy\sdl_project\debug\sdl_project.tlog\link.read.1.tlog
c:\users\lakeb\desktop\desktop\game_programming\componentframework19.1.1 - copy\sdl_project\debug\sdl_project.tlog\link.write.1.tlog
